Using pre-set license
Built from '2020.3/release' branch; Version is '2020.3.15f2 (6cf78cb77498) revision 7141260'; Using compiler version '192528614'; Build Type 'Release'
OS: 'Windows 10 Pro; OS build 19042.1165; Version 2009; 64bit' Language: 'en' Physical Memory: 16316 MB
BatchMode: 1, IsHumanControllingUs: 0, StartBugReporterOnCrash: 0, Is64bit: 1, IsPro: 0

 COMMAND LINE ARGUMENTS:
C:\Program Files\Unity\Hub\Editor\2020.3.15f2\Editor\Unity.exe
-adb2
-batchMode
-noUpm
-name
AssetImportWorker0
-projectPath
C:/Users/cleme/OneDrive/Documents/GitHub/holbertonschool-unity/0x02-unity-scripting
-logFile
Logs/AssetImportWorker0.log
-srvPort
50416
Successfully changed project path to: C:/Users/cleme/OneDrive/Documents/GitHub/holbertonschool-unity/0x02-unity-scripting
C:/Users/cleme/OneDrive/Documents/GitHub/holbertonschool-unity/0x02-unity-scripting
Using Asset Import Pipeline V2.
Refreshing native plugins compatible for Editor in 314.78 ms, found 2 plugins.
Preloading 0 native plugins for Editor in 0.00 ms.
Initialize engine version: 2020.3.15f2 (6cf78cb77498)
[Subsystems] Discovering subsystems at path C:/Program Files/Unity/Hub/Editor/2020.3.15f2/Editor/Data/Resources/UnitySubsystems
[Subsystems] Discovering subsystems at path C:/Users/cleme/OneDrive/Documents/GitHub/holbertonschool-unity/0x02-unity-scripting/Assets
GfxDevice: creating device client; threaded=0
Direct3D:
    Version:  Direct3D 11.0 [level 11.1]
    Renderer: Radeon RX 5500 XT (ID=0x7340)
    Vendor:   
    VRAM:     8151 MB
    Driver:   27.20.21003.1028
Initialize mono
Mono path[0] = 'C:/Program Files/Unity/Hub/Editor/2020.3.15f2/Editor/Data/Managed'
Mono path[1] = 'C:/Program Files/Unity/Hub/Editor/2020.3.15f2/Editor/Data/MonoBleedingEdge/lib/mono/unityjit'
Mono config path = 'C:/Program Files/Unity/Hub/Editor/2020.3.15f2/Editor/Data/MonoBleedingEdge/etc'
Using monoOptions --debugger-agent=transport=dt_socket,embedding=1,server=y,suspend=n,address=127.0.0.1:56172
Begin MonoManager ReloadAssembly
Registering precompiled unity dll's ...
Register platform support module: C:/Program Files/Unity/Hub/Editor/2020.3.15f2/Editor/Data/PlaybackEngines/WebGLSupport/UnityEditor.WebGL.Extensions.dll
Register platform support module: C:/Program Files/Unity/Hub/Editor/2020.3.15f2/Editor/Data/PlaybackEngines/WindowsStandaloneSupport/UnityEditor.WindowsStandalone.Extensions.dll
Registered in 0.261505 seconds.
Native extension for WindowsStandalone target not found
Native extension for WebGL target not found
Refreshing native plugins compatible for Editor in 58.69 ms, found 2 plugins.
Preloading 0 native plugins for Editor in 0.00 ms.
Mono: successfully reloaded assembly
- Completed reload, in  4.715 seconds
Domain Reload Profiling:
	ReloadAssembly (4715ms)
		BeginReloadAssembly (2730ms)
			ExecutionOrderSort (0ms)
			DisableScriptedObjects (0ms)
			BackupInstance (0ms)
			ReleaseScriptingObjects (0ms)
			CreateAndSetChildDomain (1ms)
		EndReloadAssembly (802ms)
			LoadAssemblies (2732ms)
			RebuildTransferFunctionScriptingTraits (0ms)
			SetupTypeCache (462ms)
			ReleaseScriptCaches (0ms)
			RebuildScriptCaches (34ms)
			SetupLoadedEditorAssemblies (216ms)
				LogAssemblyErrors (0ms)
				InitializePlatformSupportModulesInManaged (6ms)
				SetLoadedEditorAssemblies (0ms)
				RefreshPlugins (59ms)
				BeforeProcessingInitializeOnLoad (9ms)
				ProcessInitializeOnLoadAttributes (101ms)
				ProcessInitializeOnLoadMethodAttributes (41ms)
				AfterProcessingInitializeOnLoad (0ms)
				EditorAssembliesLoaded (0ms)
			ExecutionOrderSort2 (0ms)
			AwakeInstancesAfterBackupRestoration (0ms)
Platform modules already initialized, skipping
Registering precompiled user dll's ...
Registered in 0.766749 seconds.
Begin MonoManager ReloadAssembly
Native extension for WindowsStandalone target not found
Native extension for WebGL target not found
Refreshing native plugins compatible for Editor in 1.02 ms, found 2 plugins.
Preloading 0 native plugins for Editor in 0.00 ms.
Mono: successfully reloaded assembly
- Completed reload, in  4.707 seconds
Domain Reload Profiling:
	ReloadAssembly (4712ms)
		BeginReloadAssembly (179ms)
			ExecutionOrderSort (0ms)
			DisableScriptedObjects (6ms)
			BackupInstance (0ms)
			ReleaseScriptingObjects (0ms)
			CreateAndSetChildDomain (22ms)
		EndReloadAssembly (4446ms)
			LoadAssemblies (2532ms)
			RebuildTransferFunctionScriptingTraits (0ms)
			SetupTypeCache (941ms)
			ReleaseScriptCaches (1ms)
			RebuildScriptCaches (61ms)
			SetupLoadedEditorAssemblies (776ms)
				LogAssemblyErrors (0ms)
				InitializePlatformSupportModulesInManaged (7ms)
				SetLoadedEditorAssemblies (1ms)
				RefreshPlugins (1ms)
				BeforeProcessingInitializeOnLoad (96ms)
				ProcessInitializeOnLoadAttributes (610ms)
				ProcessInitializeOnLoadMethodAttributes (51ms)
				AfterProcessingInitializeOnLoad (10ms)
				EditorAssembliesLoaded (0ms)
			ExecutionOrderSort2 (0ms)
			AwakeInstancesAfterBackupRestoration (8ms)
Platform modules already initialized, skipping
========================================================================
Worker process is ready to serve import requests
Launched and connected shader compiler UnityShaderCompiler.exe after 0.10 seconds
Refreshing native plugins compatible for Editor in 0.82 ms, found 2 plugins.
Preloading 0 native plugins for Editor in 0.00 ms.
Unloading 1950 Unused Serialized files (Serialized files now loaded: 0)
System memory in use before: 81.0 MB.
System memory in use after: 81.1 MB.

Unloading 58 unused Assets to reduce memory usage. Loaded Objects now: 2355.
Total: 6.857000 ms (FindLiveObjects: 0.233700 ms CreateObjectMapping: 0.057600 ms MarkObjects: 6.475600 ms  DeleteObjects: 0.089000 ms)

AssetImportParameters requested are different than current active one (requested -> active):
  custom:framework-win-MediaFoundation: 216162199b28c13a410421893ffa2e32 -> 
  custom:video-decoder-ogg-theora: a1e56fd34408186e4bbccfd4996cb3dc -> 
  custom:container-muxer-webm: aa71ff27fc2769a1b78a27578f13a17b -> 
  custom:container-demuxer-webm: 4f35f7cbe854078d1ac9338744f61a02 -> 
  custom:container-demuxer-ogg: 62fdf1f143b41e24485cea50d1cbac27 -> 
  custom:video-encoder-webm-vp8: eb34c28f22e8b96e1ab97ce403110664 -> 
  custom:video-decoder-webm-vp8: 9c59270c3fd7afecdb556c50c9e8de78 -> 
  custom:audio-decoder-ogg-vorbis: bf7c407c2cedff20999df2af8eb42d56 -> 
  custom:audio-encoder-webm-vorbis: bf7c407c2cedff20999df2af8eb42d56 -> 
========================================================================
Received Import Request.
  path: Assets/Materials/floor.mat
  artifactKey: Guid(ce7f835ac461fd34e9317a05125276f0) Importer(815301076,1909f56bfc062723c751e8b465ee728b)
Start importing Assets/Materials/floor.mat using Guid(ce7f835ac461fd34e9317a05125276f0) Importer(815301076,1909f56bfc062723c751e8b465ee728b)  -> (artifact id: '04a3688e20908b5d63588ba95023c65d') in 0.364604 seconds 
  Import took 0.370568 seconds .

========================================================================
Received Import Request.
  Time since last request: 76.701339 seconds.
  path: Assets/Materials
  artifactKey: Guid(12cb1d450915de04dba9a62ea5e6e8b5) Importer(815301076,1909f56bfc062723c751e8b465ee728b)
Start importing Assets/Materials using Guid(12cb1d450915de04dba9a62ea5e6e8b5) Importer(815301076,1909f56bfc062723c751e8b465ee728b)  -> (artifact id: 'f599573cd705a1b4ef6a6d7166bf6618') in 0.008356 seconds 
  Import took 0.014743 seconds .

========================================================================
Received Import Request.
  Time since last request: 54.986927 seconds.
  path: Assets/Materials/Player.prefab
  artifactKey: Guid(9ec0089ada3745d47901779d377fcb90) Importer(815301076,1909f56bfc062723c751e8b465ee728b)
Start importing Assets/Materials/Player.prefab using Guid(9ec0089ada3745d47901779d377fcb90) Importer(815301076,1909f56bfc062723c751e8b465ee728b)  -> (artifact id: 'b7ebd912d4f3b378ff04224125399e0e') in 0.035820 seconds 
  Import took 0.042607 seconds .

========================================================================
Received Import Request.
  Time since last request: 0.020921 seconds.
  path: Assets/Materials/Player.prefab
  artifactKey: Guid(9ec0089ada3745d47901779d377fcb90) Importer(815301076,1909f56bfc062723c751e8b465ee728b)
Start importing Assets/Materials/Player.prefab using Guid(9ec0089ada3745d47901779d377fcb90) Importer(815301076,1909f56bfc062723c751e8b465ee728b)  -> (artifact id: 'b7ebd912d4f3b378ff04224125399e0e') in 0.012547 seconds 
  Import took 0.019017 seconds .

========================================================================
Received Import Request.
  Time since last request: 125.160238 seconds.
  path: Assets/Materials/Player.prefab
  artifactKey: Guid(9ec0089ada3745d47901779d377fcb90) Importer(815301076,1909f56bfc062723c751e8b465ee728b)
Start importing Assets/Materials/Player.prefab using Guid(9ec0089ada3745d47901779d377fcb90) Importer(815301076,1909f56bfc062723c751e8b465ee728b)  -> (artifact id: '7b081461d9be8cd655fff26478c638a9') in 0.012644 seconds 
  Import took 0.018965 seconds .

========================================================================
Received Import Request.
  Time since last request: 431.587048 seconds.
  path: Assets/Materials/Player.prefab
  artifactKey: Guid(9ec0089ada3745d47901779d377fcb90) Importer(815301076,1909f56bfc062723c751e8b465ee728b)
Start importing Assets/Materials/Player.prefab using Guid(9ec0089ada3745d47901779d377fcb90) Importer(815301076,1909f56bfc062723c751e8b465ee728b)  -> (artifact id: 'f24558d11d42064e166ff82ec5b1901f') in 0.005273 seconds 
  Import took 0.011623 seconds .

========================================================================
Received Import Request.
  Time since last request: 58.683147 seconds.
  path: Assets
  artifactKey: Guid(00000000000000001000000000000000) Importer(815301076,1909f56bfc062723c751e8b465ee728b)
Start importing Assets using Guid(00000000000000001000000000000000) Importer(815301076,1909f56bfc062723c751e8b465ee728b)  -> (artifact id: '42d402b061de3733987d63b9cc3b64de') in 0.007430 seconds 
  Import took 0.013325 seconds .

========================================================================
Received Import Request.
  Time since last request: 34.779596 seconds.
  path: Assets/New Prefab.prefab
  artifactKey: Guid(5d927b6de77cbb047a056a63c53b0971) Importer(815301076,1909f56bfc062723c751e8b465ee728b)
Start importing Assets/New Prefab.prefab using Guid(5d927b6de77cbb047a056a63c53b0971) Importer(815301076,1909f56bfc062723c751e8b465ee728b)  -> (artifact id: 'cbe94ef3344325b561ed4f47b5d9ea65') in 0.011884 seconds 
  Import took 0.017971 seconds .

========================================================================
Received Import Request.
  Time since last request: 23.568156 seconds.
  path: Assets/New Material.mat
  artifactKey: Guid(aa8c63a5b8e6e1b448f382f72f5d6ab8) Importer(815301076,1909f56bfc062723c751e8b465ee728b)
Start importing Assets/New Material.mat using Guid(aa8c63a5b8e6e1b448f382f72f5d6ab8) Importer(815301076,1909f56bfc062723c751e8b465ee728b)  -> (artifact id: '417b919c7951bce28d1a3103df1ed813') in 0.017955 seconds 
  Import took 0.024630 seconds .

========================================================================
Received Import Request.
  Time since last request: 11.629983 seconds.
  path: Assets/Player.mat
  artifactKey: Guid(aa8c63a5b8e6e1b448f382f72f5d6ab8) Importer(815301076,1909f56bfc062723c751e8b465ee728b)
Start importing Assets/Player.mat using Guid(aa8c63a5b8e6e1b448f382f72f5d6ab8) Importer(815301076,1909f56bfc062723c751e8b465ee728b)  -> (artifact id: '085a190d02728fc5414c02a47b50d5e2') in 0.012706 seconds 
  Import took 0.017222 seconds .

========================================================================
Received Import Request.
  Time since last request: 22.121268 seconds.
  path: Packages/com.unity.purchasing/Icons/LinkBlack.png
  artifactKey: Guid(33d3dd2c39dfd49a3b2d36b20225624a) Importer(815301076,1909f56bfc062723c751e8b465ee728b)
Start importing Packages/com.unity.purchasing/Icons/LinkBlack.png using Guid(33d3dd2c39dfd49a3b2d36b20225624a) Importer(815301076,1909f56bfc062723c751e8b465ee728b)  -> (artifact id: '6773dec06f9e18e47b3cedf3d6d1ab34') in 0.062855 seconds 
  Import took 0.071844 seconds .

========================================================================
Received Import Request.
  Time since last request: 0.000252 seconds.
  path: Packages/com.unity.purchasing/Icons/UnityEngine.Purchasing.IAPButtonIcon.png
  artifactKey: Guid(55e457740fe60405dac77af143e1a867) Importer(815301076,1909f56bfc062723c751e8b465ee728b)
Start importing Packages/com.unity.purchasing/Icons/UnityEngine.Purchasing.IAPButtonIcon.png using Guid(55e457740fe60405dac77af143e1a867) Importer(815301076,1909f56bfc062723c751e8b465ee728b)  -> (artifact id: '6b22b6584e36fb8728e429783a965ca0') in 0.015489 seconds 
  Import took 0.021832 seconds .

========================================================================
Received Import Request.
  Time since last request: 0.000263 seconds.
  path: Packages/com.unity.purchasing/Icons/LinkBlack.png
  artifactKey: Guid(33d3dd2c39dfd49a3b2d36b20225624a) Importer(815301076,1909f56bfc062723c751e8b465ee728b)
Start importing Packages/com.unity.purchasing/Icons/LinkBlack.png using Guid(33d3dd2c39dfd49a3b2d36b20225624a) Importer(815301076,1909f56bfc062723c751e8b465ee728b)  -> (artifact id: '6773dec06f9e18e47b3cedf3d6d1ab34') in 0.007720 seconds 
  Import took 0.014144 seconds .

========================================================================
Received Import Request.
  Time since last request: 0.000260 seconds.
  path: Packages/com.unity.purchasing/Icons/LinkWhite.png
  artifactKey: Guid(e679a29ca22bc4fa0bd848bd79a42b79) Importer(815301076,1909f56bfc062723c751e8b465ee728b)
Start importing Packages/com.unity.purchasing/Icons/LinkWhite.png using Guid(e679a29ca22bc4fa0bd848bd79a42b79) Importer(815301076,1909f56bfc062723c751e8b465ee728b)  -> (artifact id: '3ade22b1dd2736ac9bbfa7f32daf783a') in 0.019566 seconds 
  Import took 0.025951 seconds .

========================================================================
Received Import Request.
  Time since last request: 102.579192 seconds.
  path: Assets/Materials/Player.mat
  artifactKey: Guid(aa8c63a5b8e6e1b448f382f72f5d6ab8) Importer(815301076,1909f56bfc062723c751e8b465ee728b)
Start importing Assets/Materials/Player.mat using Guid(aa8c63a5b8e6e1b448f382f72f5d6ab8) Importer(815301076,1909f56bfc062723c751e8b465ee728b)  -> (artifact id: 'b02735ce0795cec3cee6683cbd2acbc3') in 0.014619 seconds 
  Import took 0.020627 seconds .

========================================================================
Received Import Request.
  Time since last request: 21.631100 seconds.
  path: Assets/Materials/Player.prefab
  artifactKey: Guid(9ec0089ada3745d47901779d377fcb90) Importer(815301076,1909f56bfc062723c751e8b465ee728b)
Start importing Assets/Materials/Player.prefab using Guid(9ec0089ada3745d47901779d377fcb90) Importer(815301076,1909f56bfc062723c751e8b465ee728b)  -> (artifact id: '5b7e02434383edd2f4b5f6a985a24e61') in 0.014043 seconds 
  Import took 0.019449 seconds .

========================================================================
Received Import Request.
  Time since last request: 65.249270 seconds.
  path: Assets/Materials/player.mat
  artifactKey: Guid(aa8c63a5b8e6e1b448f382f72f5d6ab8) Importer(815301076,1909f56bfc062723c751e8b465ee728b)
Start importing Assets/Materials/player.mat using Guid(aa8c63a5b8e6e1b448f382f72f5d6ab8) Importer(815301076,1909f56bfc062723c751e8b465ee728b)  -> (artifact id: 'b97f75a061da3ee1372f95cf3d63b429') in 0.019718 seconds 
  Import took 0.024572 seconds .

========================================================================
Received Import Request.
  Time since last request: 61.341247 seconds.
  path: Assets/Materials/player.mat
  artifactKey: Guid(aa8c63a5b8e6e1b448f382f72f5d6ab8) Importer(815301076,1909f56bfc062723c751e8b465ee728b)
Start importing Assets/Materials/player.mat using Guid(aa8c63a5b8e6e1b448f382f72f5d6ab8) Importer(815301076,1909f56bfc062723c751e8b465ee728b)  -> (artifact id: '8add3166d0d1d094cdbeed837a0718c0') in 0.012058 seconds 
  Import took 0.016889 seconds .

AssetImportWorkerClient::OnTransportError - code=2 error=End of file
